<?xml version="1.0" encoding="UTF-8"?>
<!-- Generated by org.testng.reporters.JUnitReportReporter -->
<testsuite hostname="PranavChalse" failures="0" tests="2" name="testngxml.NewTest" time="0.009" errors="0" timestamp="2022-11-16T09:09:22 IST" skipped="0">
  <testcase classname="testngxml.NewTest" name="C" time="0.007"/>
  <system-out>
    <![CDATA[C method is running]]>
  </system-out>
  <testcase classname="testngxml.NewTest" name="E" time="0.002"/>
  <system-out>
    <![CDATA[E TC running]]>
  </system-out>
</testsuite> <!-- testngxml.NewTest -->
