<?xml version="1.0" encoding="UTF-8"?>
<!-- Generated by org.testng.reporters.JUnitReportReporter -->
<testsuite hostname="PranavChalse" failures="0" tests="4" name="tsetngKeyWords.InvocationCount$Pirority" time="0.014" errors="0" timestamp="2022-11-07T11:53:36 IST" skipped="0">
  <testcase classname="tsetngKeyWords.InvocationCount$Pirority" name="C" time="0.010"/>
  <system-out>
    <![CDATA[TC C is done]]>
  </system-out>
  <testcase classname="tsetngKeyWords.InvocationCount$Pirority" name="D" time="0.001"/>
  <system-out>
    <![CDATA[TC D is done]]>
  </system-out>
  <testcase classname="tsetngKeyWords.InvocationCount$Pirority" name="B" time="0.001"/>
  <system-out>
    <![CDATA[TC B is done]]>
  </system-out>
  <testcase classname="tsetngKeyWords.InvocationCount$Pirority" name="A" time="0.002"/>
  <system-out>
    <![CDATA[TC A is done]]>
  </system-out>
</testsuite> <!-- tsetngKeyWords.InvocationCount$Pirority -->
