<?xml version="1.0" encoding="UTF-8"?>
<!-- Generated by org.testng.reporters.JUnitReportReporter -->
<testsuite hostname="PranavChalse" failures="0" tests="1" name="testngSerialAndParallelExicution.Testing2" time="120.714" errors="0" timestamp="2022-11-16T21:49:46 IST" skipped="0">
  <testcase classname="testngSerialAndParallelExicution.Testing2" name="setsize" time="120.714"/>
  <system-out/>
</testsuite> <!-- testngSerialAndParallelExicution.Testing2 -->
