<?xml version="1.0" encoding="UTF-8"?>
<!-- Generated by org.testng.reporters.JUnitReportReporter -->
<testsuite hostname="PranavChalse" failures="0" tests="4" name="tsetngKeyWords.Enabled" time="0.014" errors="0" timestamp="2022-11-07T21:32:37 IST" skipped="1">
  <testcase classname="tsetngKeyWords.Enabled" name="C" time="0.001"/>
  <system-out>
    <![CDATA[TC C is done]]>
  </system-out>
  <testcase classname="tsetngKeyWords.Enabled" name="A" time="0.012"/>
  <system-out>
    <![CDATA[TC A is done]]>
  </system-out>
  <testcase classname="tsetngKeyWords.Enabled" name="D" time="0.001"/>
  <system-out>
    <![CDATA[TC D is done]]>
  </system-out>
  <testcase classname="tsetngKeyWords.Enabled" name="B">
    <skipped/>
  </testcase> <!-- B -->
  <system-out/>
</testsuite> <!-- tsetngKeyWords.Enabled -->
