<?xml version="1.0" encoding="UTF-8"?>
<!-- Generated by org.testng.reporters.JUnitReportReporter -->
<testsuite hostname="PranavChalse" failures="0" tests="1" name="testngverificationUsingTestNG.AssertNotNull" time="0.009" errors="0" timestamp="2022-11-16T21:08:27 IST" skipped="0">
  <testcase classname="testngverificationUsingTestNG.AssertNotNull" name="MyTC" time="0.009"/>
  <system-out/>
</testsuite> <!-- testngverificationUsingTestNG.AssertNotNull -->
