<?xml version="1.0" encoding="UTF-8"?>
<!-- Generated by org.testng.reporters.JUnitReportReporter -->
<testsuite hostname="PranavChalse" failures="0" tests="1" name="testngSerialAndParallelExicution.Testing1" time="49.789" errors="0" timestamp="2022-11-16T21:49:46 IST" skipped="0">
  <testcase classname="testngSerialAndParallelExicution.Testing1" name="setposition" time="49.789"/>
  <system-out/>
</testsuite> <!-- testngSerialAndParallelExicution.Testing1 -->
