<?xml version="1.0" encoding="UTF-8"?>
<!-- Generated by org.testng.reporters.JUnitReportReporter -->
<testsuite hostname="PranavChalse" failures="0" tests="1" name="upstoxPOMExcelReading.TestngTestClassErrorMSGMod4" time="17.321" errors="0" timestamp="2022-11-22T17:50:16 IST" skipped="0">
  <testcase classname="upstoxPOMExcelReading.TestngTestClassErrorMSGMod4" name="ValidatingErrorMSG" time="17.321"/>
  <system-out>
    <![CDATA[Showing Error msg TC passed]]>
  </system-out>
</testsuite> <!-- upstoxPOMExcelReading.TestngTestClassErrorMSGMod4 -->
