<?xml version="1.0" encoding="UTF-8"?>
<!-- Generated by org.testng.reporters.JUnitReportReporter -->
<testsuite hostname="PranavChalse" failures="0" tests="3" name="testngxml.NewTest1" time="0.001" errors="0" timestamp="2022-11-16T09:09:22 IST" skipped="0">
  <testcase classname="testngxml.NewTest1" name="I" time="0.001"/>
  <system-out>
    <![CDATA[I method is running]]>
  </system-out>
  <testcase classname="testngxml.NewTest1" name="G" time="0.000"/>
  <system-out>
    <![CDATA[G method is running]]>
  </system-out>
  <testcase classname="testngxml.NewTest1" name="J" time="0.000"/>
  <system-out>
    <![CDATA[J TC running]]>
  </system-out>
</testsuite> <!-- testngxml.NewTest1 -->
