<?xml version="1.0" encoding="UTF-8"?>
<!-- Generated by org.testng.reporters.JUnitReportReporter -->
<testsuite hostname="PranavChalse" failures="0" tests="1" name="tsetngAnnotation.Annotations1" time="0.005" errors="0" timestamp="2022-11-07T11:50:53 IST" skipped="0">
  <testcase classname="tsetngAnnotation.Annotations1" name="validateUserID" time="0.005"/>
  <system-out>
    <![CDATA[User ID validated ]]>
  </system-out>
</testsuite> <!-- tsetngAnnotation.Annotations1 -->
