<?xml version="1.0" encoding="UTF-8"?>
<!-- Generated by org.testng.reporters.JUnitReportReporter -->
<testsuite hostname="PranavChalse" failures="0" tests="1" name="upstoxPOMExcelReading.TestNGUpstoxTestClass" time="38.893" errors="0" timestamp="2022-11-20T20:10:57 IST" skipped="0">
  <testcase classname="upstoxPOMExcelReading.TestNGUpstoxTestClass" name="validateUserid" time="38.893"/>
  <system-out/>
</testsuite> <!-- upstoxPOMExcelReading.TestNGUpstoxTestClass -->
