<?xml version="1.0" encoding="UTF-8"?>
<!-- Generated by org.testng.reporters.JUnitReportReporter -->
<testsuite hostname="PranavChalse" failures="0" tests="1" name="testngverificationUsingTestNG.AssertTrue" time="0.010" errors="0" timestamp="2022-11-16T21:07:45 IST" skipped="0">
  <testcase classname="testngverificationUsingTestNG.AssertTrue" name="trueUse" time="0.010"/>
  <system-out/>
</testsuite> <!-- testngverificationUsingTestNG.AssertTrue -->
