<?xml version="1.0" encoding="UTF-8"?>
<!-- Generated by org.testng.reporters.JUnitReportReporter -->
<testsuite hostname="PranavChalse" failures="0" tests="5" name="tsetngKeyWords.InvocationCount" time="0.005" errors="0" timestamp="2022-11-07T11:53:36 IST" skipped="0">
  <testcase classname="tsetngKeyWords.InvocationCount" name="LoginToApplication" time="0.001"/>
  <system-out>
    <![CDATA[Login to App is done]]>
  </system-out>
  <testcase classname="tsetngKeyWords.InvocationCount" name="LoginToApplication" time="0.002"/>
  <system-out>
    <![CDATA[Login to App is done]]>
  </system-out>
  <testcase classname="tsetngKeyWords.InvocationCount" name="LoginToApplication" time="0.000"/>
  <system-out>
    <![CDATA[Login to App is done]]>
  </system-out>
  <testcase classname="tsetngKeyWords.InvocationCount" name="LoginToApplication" time="0.001"/>
  <system-out>
    <![CDATA[Login to App is done]]>
  </system-out>
  <testcase classname="tsetngKeyWords.InvocationCount" name="LoginToApplication" time="0.001"/>
  <system-out>
    <![CDATA[Login to App is done]]>
  </system-out>
</testsuite> <!-- tsetngKeyWords.InvocationCount -->
