<?xml version="1.0" encoding="UTF-8"?>
<!-- Generated by org.testng.reporters.JUnitReportReporter -->
<testsuite hostname="PranavChalse" failures="0" tests="1" name="testngverificationUsingTestNG.AssertEquals" time="0.009" errors="0" timestamp="2022-11-16T20:59:21 IST" skipped="0">
  <testcase classname="testngverificationUsingTestNG.AssertEquals" name="TC1" time="0.009"/>
  <system-out/>
</testsuite> <!-- testngverificationUsingTestNG.AssertEquals -->
