<?xml version="1.0" encoding="UTF-8"?>
<!-- Generated by org.testng.reporters.JUnitReportReporter -->
<testsuite hostname="PranavChalse" failures="0" tests="1" name="serialAndParallelExicution.Testing1" time="7.360" errors="0" timestamp="2022-11-16T09:29:55 IST" skipped="0">
  <testcase classname="serialAndParallelExicution.Testing1" name="setposition" time="7.360"/>
  <system-out/>
</testsuite> <!-- serialAndParallelExicution.Testing1 -->
