<?xml version="1.0" encoding="UTF-8"?>
<!-- Generated by org.testng.reporters.JUnitReportReporter -->
<testsuite hostname="PranavChalse" failures="0" tests="1" name="testngverificationUsingTestNG.AssertNotEquals" time="0.009" errors="0" timestamp="2022-11-16T21:02:04 IST" skipped="0">
  <testcase classname="testngverificationUsingTestNG.AssertNotEquals" name="assertNotEqualsUse" time="0.009"/>
  <system-out>
    <![CDATA[TC is passed A and B are not Matching]]>
  </system-out>
</testsuite> <!-- testngverificationUsingTestNG.AssertNotEquals -->
