<?xml version="1.0" encoding="UTF-8"?>
<!-- Generated by org.testng.reporters.JUnitReportReporter -->
<testsuite hostname="PranavChalse" failures="0" tests="1" name="serialAndParallelExicution.Testing2" time="9.376" errors="0" timestamp="2022-11-16T09:29:55 IST" skipped="0">
  <testcase classname="serialAndParallelExicution.Testing2" name="setsize" time="9.376"/>
  <system-out/>
</testsuite> <!-- serialAndParallelExicution.Testing2 -->
