<?xml version="1.0" encoding="UTF-8"?>
<!-- Generated by org.testng.reporters.JUnitReportReporter -->
<testsuite hostname="PranavChalse" failures="0" tests="2" name="tsetngAnnotation.AnotationsStudy" time="0.011" errors="0" timestamp="2022-11-18T12:48:24 IST" skipped="0">
  <testcase classname="tsetngAnnotation.AnotationsStudy" name="GoogleTest" time="0.010"/>
  <system-out>
    <![CDATA[Google test is done]]>
  </system-out>
  <testcase classname="tsetngAnnotation.AnotationsStudy" name="RediffMailTest" time="0.001"/>
  <system-out>
    <![CDATA[Rediffmail test is done]]>
  </system-out>
</testsuite> <!-- tsetngAnnotation.AnotationsStudy -->
