<?xml version="1.0" encoding="UTF-8"?>
<!-- Generated by org.testng.reporters.JUnitReportReporter -->
<testsuite hostname="PranavChalse" failures="0" tests="1" name="upstoxPOMExcelReading.TestngTestClassMod3" time="31.341" errors="0" timestamp="2022-11-21T10:42:32 IST" skipped="0">
  <testcase classname="upstoxPOMExcelReading.TestngTestClassMod3" name="validateUserid" time="31.341"/>
  <system-out>
    <![CDATA[validating userName and Taking screenshot]]>
  </system-out>
</testsuite> <!-- upstoxPOMExcelReading.TestngTestClassMod3 -->
