<?xml version="1.0" encoding="UTF-8"?>
<!-- Generated by org.testng.reporters.JUnitReportReporter -->
<testsuite hostname="PranavChalse" failures="0" tests="2" name="testngmethods.NewTest" time="7.565" errors="0" timestamp="2022-11-03T15:03:30 IST" skipped="0">
  <testcase classname="testngmethods.NewTest" name="upstox" time="2.094"/>
  <system-out>
    <![CDATA[hi Upstox Reporter log Printing
hi Upstox Reporter boolen log Printing]]>
  </system-out>
  <testcase classname="testngmethods.NewTest" name="google" time="5.471"/>
  <system-out>
    <![CDATA[hi google Reporter log Printing
hi google Reporter boolen log Printing]]>
  </system-out>
</testsuite> <!-- testngmethods.NewTest -->
